SP4180717139	KO23 8073 09	0.651612747022	0.041222729388	+
SP 77 7 7853	KO23 8073 09	0.980194626517	6.57280772653e-07	+
SP4473411312	KO23 8073 09	0.909613161054	0.000261515471701	+
SP  4298 6  	KO23 8073 09	0.586044043856	0.0750080105416	+
SP 85356 19 	KO23 8073 09	0.957205925243	1.39326504963e-05	+
SP4180717139	KO56 03 1332	0.7206303732	0.0187141315279	+
SP 77 7 7853	KO56 03 1332	0.937477513592	6.19670226727e-05	+
SP4473411312	KO56 03 1332	0.917727379014	0.000181327786303	+
SP  4298 6  	KO56 03 1332	0.633113361612	0.0494253848593	+
SP 85356 19 	KO56 03 1332	0.96323476566	7.64604602918e-06	+
SP0024330203	KO55 1286874	0.739084135332	0.014591967857	+
SP 15448328 	KO55 1286874	0.521652138659	0.121992282322	+
SP8947578506	KO55 1286874	0.545652258176	0.10278244307	+
SP 1 442 53 	KO729932319 	0.772141028312	0.00886498351377	+
SP4180717139	KO729932319 	0.541944209981	0.105616035463	+
SP9746508 31	KO729932319 	0.805848338027	0.00488204425687	+
SP 291214979	KO729932319 	0.800956173208	0.00535903351549	+
SP0024330203	KO784555005 	0.585723945326	0.07520635134	+
SP9089025596	KO46 88 8 00	0.616224522346	0.0578038642166	+
SP965 3902 0	KO46 88 8 00	0.660447052359	0.0376506825307	+
SP4180717139	KO 238203334	0.592848462195	0.0708718691911	+
SP 77 7 7853	KO 238203334	0.52660235745	0.117860755827	+
SP 85356 19 	KO 238203334	0.547465601669	0.101414429273	+
SP0024330203	KO4370074643	0.61377815977	0.0590902365649	+
SP8 7183  6 	KO8796211064	0.668445243944	0.034602347625	+
SP965 3902 0	KO8796211064	0.544032612256	0.104014146893	+
SP0960017630	KO 07082 398	0.520976835517	0.122562781102	+
SP8 7183  6 	KO 07082 398	0.710451140959	0.0213023446871	+
SP965 3902 0	KO 07082 398	0.546676958164	0.102007968481	+
SP0960017630	KO7502476  7	0.592387656524	0.0711471691484	+
SP8 7183  6 	KO7502476  7	0.760552754984	0.0106476709042	+
SP965 3902 0	KO7502476  7	0.610808937374	0.0606767156949	+
SP0960017630	KO227725 3 5	0.571849400808	0.0841327311157	+
SP4180717139	KO227725 3 5	0.566613601688	0.0876704876347	+
SP8 7183  6 	KO227725 3 5	0.521380159817	0.122221852113	+
SP4473411312	KO227725 3 5	0.574058312115	0.0826681971328	+
SP671913610 	KO097   30 8	0.722848031618	0.0181806681276	+
SP 1 442 53 	KO36 5856052	0.531267522036	0.114048109294	+
SP9746508 31	KO36 5856052	0.519715459017	0.123632831314	+
SP8947578506	KO36 5856052	0.641472901366	0.0455953805524	+
SP 77 7 7853	KO430046 270	0.594701270923	0.0697719504059	+
SP  4298 6  	KO430046 270	0.671363973113	0.033532950482	+
SP 85356 19 	KO430046 270	0.610465382451	0.060862069247	+
SP 77 7 7853	KO7563242254	0.638557746101	0.0469076054919	+
SP  4298 6  	KO7563242254	0.57211816131	0.0839536547066	+
SP 85356 19 	KO7563242254	0.61834068987	0.056706144146	+
SP3055112169	KO2750 91318	0.96323391703	7.64674411674e-06	+
SP6 7  75  8	KO2750 91318	0.996265648005	8.4701589417e-10	+
SP77  231804	KO2750 91318	0.516096249455	0.126735195508	+
SP509 5862 2	KO2750 91318	0.992137779453	1.65598198376e-08	+
SP3055112169	KO22  399371	0.556947498447	0.0944491965663	+
SP6 7  75  8	KO22  399371	0.551607955491	0.0983327964969	+
SP 77 7 7853	KO22  399371	0.837297668859	0.00250691435765	+
SP4473411312	KO22  399371	0.684868082505	0.0288763800932	+
SP 85356 19 	KO22  399371	0.712211492501	0.0208380957872	+
SP509 5862 2	KO22  399371	0.538376944302	0.108388087595	+
SP 1 442 53 	KO1517684426	0.941236397161	4.85794627888e-05	+
SP4180717139	KO1517684426	0.5709257518	0.0847500355129	+
SP8 7183  6 	KO1517684426	0.527376208597	0.117222894239	+
SP9746508 31	KO1517684426	0.971330018759	2.85540168925e-06	+
SP8947578506	KO1517684426	0.60197072071	0.0655641650163	+
SP6 7  75  8	KO43 204271 	0.539538822688	0.10748024434	+
SP 77 7 7853	KO43 204271 	0.529364944207	0.115593545238	+
SP77  231804	KO1596189 1 	0.765694825191	0.00982820614667	+
SP509 5862 2	KO1596189 1 	0.545298283942	0.103050840564	+
SP4180717139	KO66595004 9	0.656974912907	0.0390286186917	+
SP 77 7 7853	KO66595004 9	0.927333910299	0.000111666400268	+
SP4473411312	KO66595004 9	0.86765705185	0.00114048058619	+
SP  4298 6  	KO66595004 9	0.672045477065	0.0332865229336	+
SP 85356 19 	KO66595004 9	0.950157873282	2.54184458831e-05	+
